<?xml version="1.0" encoding="UTF-8" standalone="no"?>
<!DOCTYPE log SYSTEM "logger.dtd">
<log>
<record>
  <date>2018-02-19T20:50:27</date>
  <millis>1519062627011</millis>
  <sequence>0</sequence>
  <logger>ru.geekbrains.java3.lesson6.logging.Example2Handlers</logger>
  <level>SEVERE</level>
  <class>ru.geekbrains.java3.lesson6.logging.Example2Handlers</class>
  <method>tryToDivBy0</method>
  <thread>1</thread>
  <message>Ошибка деления на ноль</message>
  <exception>
    <message>java.lang.ArithmeticException: / by zero</message>
    <frame>
      <class>ru.geekbrains.java3.lesson6.logging.Example2Handlers</class>
      <method>tryToDivBy0</method>
      <line>34</line>
    </frame>
    <frame>
      <class>ru.geekbrains.java3.lesson6.logging.Example2Handlers</class>
      <method>main</method>
      <line>29</line>
    </frame>
  </exception>
</record>
</log>
